<?xml version="1.0" encoding="UTF-8"?>
<!-- Generated by org.testng.reporters.JUnitXMLReporter -->
<testsuite hostname="SwetasLP" failures="1" tests="1" name="Command line test" time="18.071" errors="0" timestamp="19 Nov 2022 21:51:13 GMT">
  <testcase classname="test.com.ContactusTest" name="hover" time="0.005">
    <failure type="java.lang.RuntimeException" message="Uncompilable code - incompatible types: org.openqa.selenium.interactions.Action cannot be converted to java.awt.Desktop.Action">
      <![CDATA[java.lang.RuntimeException: Uncompilable code - incompatible types: org.openqa.selenium.interactions.Action cannot be converted to java.awt.Desktop.Action
	at test.com.ContactusTest.hover(ContactusTest.java:1)
... Removed 33 stack frames]]>
    </failure>
  </testcase> <!-- hover -->
</testsuite> <!-- Command line test -->
