<?xml version="1.0" encoding="UTF-8" ?>
<testsuite tests="1" failures="1" name="test.com.ContactusTest" time="0.006" errors="0" skipped="0">
  <properties>
[...]
</properties>
  <testcase classname="test.com.ContactusTest" name="hover" time="0.006">
    <failure message="Uncompilable code - incompatible types: org.openqa.selenium.interactions.Action cannot be converted to java.awt.Desktop.Action" type="java.lang.RuntimeException">java.lang.RuntimeException: Uncompilable code - incompatible types: org.openqa.selenium.interactions.Action cannot be converted to java.awt.Desktop.Action
	at test.com.ContactusTest.hover(ContactusTest.java:1)
</failure>
    <system-out>Configuring TestNG with: org.apache.maven.surefire.testng.conf.TestNG652Configurator@28864e92
</system-out>
    <system-err>SLF4J: Failed to load class &quot;org.slf4j.impl.StaticLoggerBinder&quot;.
SLF4J: Defaulting to no-operation (NOP) logger implementation
SLF4J: See http://www.slf4j.org/codes.html#StaticLoggerBinder for further details.
Starting ChromeDriver 106.0.5249.61 (511755355844955cd3e264779baf0dd38212a4d0-refs/branch-heads/5249@{#569}) on port 19937
Only local connections are allowed.
Please see https://chromedriver.chromium.org/security-considerations for suggestions on keeping ChromeDriver safe.
ChromeDriver was started successfully.
[1668894656.934][WARNING]: This version of ChromeDriver has not been tested with Chrome version 107.
Nov 19, 2022 4:50:57 PM org.openqa.selenium.devtools.CdpVersionFinder findNearestMatch
WARNING: Unable to find CDP implementation matching 107
Nov 19, 2022 4:50:57 PM org.openqa.selenium.chromium.ChromiumDriver lambda$new$3
WARNING: Unable to find version of CDP to use for . You may need to include a dependency on a specific version of the CDP using something similar to `org.seleniumhq.selenium:selenium-devtools-v86:4.6.0` where the version (&quot;v86&quot;) matches the version of the chromium-based browser you&apos;re using and the version number of the artifact is the same as Selenium&apos;s.
</system-err>
  </testcase>
</testsuite>